F:\桌面\TRAIN_ROUTING\DEBUG\TRAIN_ROUTING.EXE
F:\桌面\TRAIN_ROUTING\DEBUG\TRAIN_ROUTING.ILK
F:\桌面\TRAIN_ROUTING\DEBUG\TRAIN_ROUTING.PDB
F:\桌面\TRAIN_ROUTING\TRAIN_ROUTING\DEBUG\.NETFRAMEWORK,VERSION=V4.0.ASSEMBLYATTRIBUTES.OBJ
F:\桌面\TRAIN_ROUTING\TRAIN_ROUTING\DEBUG\APP.RES
F:\桌面\TRAIN_ROUTING\TRAIN_ROUTING\DEBUG\ASSEMBLYINFO.OBJ
F:\桌面\Train_Routing\Train_Routing\Debug\cl.command.1.tlog
F:\桌面\Train_Routing\Train_Routing\Debug\CL.read.1.tlog
F:\桌面\Train_Routing\Train_Routing\Debug\CL.write.1.tlog
F:\桌面\Train_Routing\Train_Routing\Debug\link.14188.read.1.tlog
F:\桌面\Train_Routing\Train_Routing\Debug\link.14188.read.2.tlog
F:\桌面\Train_Routing\Train_Routing\Debug\link.14188.write.1.tlog
F:\桌面\Train_Routing\Train_Routing\Debug\link.14188-cvtres.read.1.tlog
F:\桌面\Train_Routing\Train_Routing\Debug\link.14188-cvtres.write.1.tlog
F:\桌面\Train_Routing\Train_Routing\Debug\link.command.1.tlog
F:\桌面\Train_Routing\Train_Routing\Debug\link.read.1.tlog
F:\桌面\Train_Routing\Train_Routing\Debug\link.write.1.tlog
F:\桌面\TRAIN_ROUTING\TRAIN_ROUTING\DEBUG\LOGIN.OBJ
F:\桌面\TRAIN_ROUTING\TRAIN_ROUTING\DEBUG\MAINMENU.OBJ
F:\桌面\Train_Routing\Train_Routing\Debug\mt.command.1.tlog
F:\桌面\Train_Routing\Train_Routing\Debug\mt.read.1.tlog
F:\桌面\Train_Routing\Train_Routing\Debug\mt.write.1.tlog
F:\桌面\Train_Routing\Train_Routing\Debug\rc.command.1.tlog
F:\桌面\Train_Routing\Train_Routing\Debug\rc.read.1.tlog
F:\桌面\Train_Routing\Train_Routing\Debug\rc.write.1.tlog
F:\桌面\TRAIN_ROUTING\TRAIN_ROUTING\DEBUG\STDAFX.OBJ
F:\桌面\TRAIN_ROUTING\TRAIN_ROUTING\DEBUG\TRAIN_ROUTING.EXE.INTERMEDIATE.MANIFEST
F:\桌面\Train_Routing\Train_Routing\Debug\Train_Routing.Form1.resources
F:\桌面\Train_Routing\Train_Routing\Debug\Train_Routing.Login.resources
F:\桌面\Train_Routing\Train_Routing\Debug\Train_Routing.Mainmenu.resources
F:\桌面\TRAIN_ROUTING\TRAIN_ROUTING\DEBUG\TRAIN_ROUTING.OBJ
F:\桌面\TRAIN_ROUTING\TRAIN_ROUTING\DEBUG\TRAIN_ROUTING.PCH
F:\桌面\Train_Routing\Train_Routing\Debug\Train_Routing.vcxproj.GenerateResource.Cache
F:\桌面\Train_Routing\Train_Routing\Debug\Train_Routing.vcxprojResolveAssemblyReference.cache
F:\桌面\Train_Routing\Train_Routing\Debug\Train_Routing.write.1.tlog
F:\桌面\TRAIN_ROUTING\TRAIN_ROUTING\DEBUG\VC100.PDB
