Build started 2015/04/18 5:49:19.
     1>Project "C:\Program.Houdou\cpp\Train_Routing\Train_Routing\Train_Routing.vcxproj" on node 2 (build target(s)).
     1>InitializeBuildStatus:
         Creating "Debug\Train_Routing.unsuccessfulbuild" because "AlwaysCreate" was specified.
       GenerateTargetFrameworkMonikerAttribute:
       Skipping target "GenerateTargetFrameworkMonikerAttribute" because all output files are up-to-date with respect to the input files.
       ClCompile:
         All outputs are up-to-date.
         c:\Program Files (x86)\Microsoft Visual Studio 10.0\VC\bin\CL.exe /c /AI"C:\Program Files (x86)\Reference Assemblies\Microsoft\Framework\.NETFramework\v4.0" /Zi /clr:pure /nologo /W3 /WX- /Od /Oy- /D WIN32 /D _DEBUG /D _UNICODE /D UNICODE /EHa /MDd /GS /fp:precise /Zc:wchar_t /Zc:forScope /Fo"Debug\\" /Fd"Debug\vc100.pdb" /TP /FU"C:\Program Files (x86)\Reference Assemblies\Microsoft\Framework\.NETFramework\v4.0\System.Core.dll" /FU"C:\Program Files (x86)\Reference Assemblies\Microsoft\Framework\.NETFramework\v4.0\System.Data.dll" /FU"C:\Program Files (x86)\Reference Assemblies\Microsoft\Framework\.NETFramework\v4.0\System.dll" /FU"C:\Program Files (x86)\Reference Assemblies\Microsoft\Framework\.NETFramework\v4.0\System.Drawing.dll" /FU"C:\Program Files (x86)\Reference Assemblies\Microsoft\Framework\.NETFramework\v4.0\System.Windows.Forms.dll" /FU"C:\Program Files (x86)\Reference Assemblies\Microsoft\Framework\.NETFramework\v4.0\System.Xml.dll" /analyze- /errorReport:prompt Mainmenu.cpp Train_Routing.cpp /clr:nostdlib 
         Mainmenu.cpp
         Train_Routing.cpp
         正在生成代码...
         All outputs are up-to-date.
       CoreResGen:
         No resources are out of date with respect to their source files. Skipping resource generation.
       ResourceCompile:
         All outputs are up-to-date.
       Link:
         c:\Program Files (x86)\Microsoft Visual Studio 10.0\VC\bin\link.exe /ERRORREPORT:PROMPT /OUT:"C:\Program.Houdou\cpp\Train_Routing\Debug\Train_Routing.exe" /INCREMENTAL /NOLOGO /ASSEMBLYRESOURCE:Debug\Train_Routing.Form1.resources /ASSEMBLYRESOURCE:Debug\Train_Routing.Login.resources /ASSEMBLYRESOURCE:Debug\Train_Routing.Mainmenu.resources /MANIFEST /ManifestFile:"Debug\Train_Routing.exe.intermediate.manifest" /MANIFESTUAC:"level='asInvoker' uiAccess='false'" /DEBUG /PDB:"C:\Program.Houdou\cpp\Train_Routing\Debug\Train_Routing.pdb" /ASSEMBLYDEBUG /SUBSYSTEM:WINDOWS /TLBID:1 /ENTRY:"main" /DYNAMICBASE /FIXED:NO /NXCOMPAT /MACHINE:X86 Debug\app.res
         Debug\AssemblyInfo.obj
         Debug\Login.obj
         Debug\Mainmenu.obj
         Debug\stdafx.obj
         Debug\Train_Routing.obj
         "Debug\.NETFramework,Version=v4.0.AssemblyAttributes.obj"
         GameLib.lib
         Login.lib
     1>Login.lib(Login.obj) : warning LNK4099: 未找到 PDB“vc100.pdb”(使用“Login.lib(Login.obj)”或在“C:\Program.Houdou\cpp\Train_Routing\Debug\vc100.pdb”中寻找)；正在链接对象，如同没有调试信息一样
         Train_Routing.vcxproj -> C:\Program.Houdou\cpp\Train_Routing\Debug\Train_Routing.exe
       Manifest:
         C:\Program Files (x86)\Microsoft SDKs\Windows\v7.0A\bin\mt.exe /nologo /verbose /outputresource:"C:\Program.Houdou\cpp\Train_Routing\Debug\Train_Routing.exe;#1" /manifest Debug\Train_Routing.exe.intermediate.manifest
       FinalizeBuildStatus:
         Deleting file "Debug\Train_Routing.unsuccessfulbuild".
         Touching "Debug\Train_Routing.lastbuildstate".
     1>Done Building Project "C:\Program.Houdou\cpp\Train_Routing\Train_Routing\Train_Routing.vcxproj" (build target(s)).

生成成功。

Time Elapsed 00:00:07.32
